TN:
SF:/Users/youngbrain/alibaba/uxcore/uxcore-tag/src/index.js
FN:12,_interopRequireDefault
FNF:1
FNH:1
FNDA:1,_interopRequireDefault
DA:3,1
DA:6,1
DA:8,1
DA:10,1
DA:12,1
DA:14,1
DA:22,1
LF:7
LH:7
BRDA:12,1,0,0
BRDA:12,1,1,1
BRDA:12,2,0,1
BRDA:12,2,1,1
BRF:4
BRH:3
end_of_record
TN:
SF:/Users/youngbrain/alibaba/uxcore/uxcore-tag/src/Tag.jsx
FN:31,_interopRequireDefault
FN:33,_defaults
FN:35,_defineProperty
FN:37,_classCallCheck
FN:39,_possibleConstructorReturn
FN:41,_inherits
FN:51,trim
FN:60,(anonymous_8)
FN:63,Tag
FN:76,onAdd
FN:90,(anonymous_11)
FN:95,(anonymous_12)
FN:107,onInputChange
FN:116,onInputKeyDown
FN:124,onInputBlur
FN:127,(anonymous_16)
FN:136,onClickAddButton
FN:141,(anonymous_18)
FN:146,saveRef
FN:148,(anonymous_20)
FN:153,renderAddTag
FN:171,onChange
FN:174,onBlur
FN:177,onKeyDown
FN:184,onMouseDown
FN:193,onClick
FN:200,render
FN:222,onAdd
FNF:28
FNH:27
FNDA:6,_interopRequireDefault
FNDA:1,_defaults
FNDA:29,_defineProperty
FNDA:13,_classCallCheck
FNDA:13,_possibleConstructorReturn
FNDA:1,_inherits
FNDA:4,trim
FNDA:1,(anonymous_8)
FNDA:13,Tag
FNDA:4,onAdd
FNDA:2,(anonymous_11)
FNDA:1,(anonymous_12)
FNDA:1,onInputChange
FNDA:1,onInputKeyDown
FNDA:1,onInputBlur
FNDA:1,(anonymous_16)
FNDA:2,onClickAddButton
FNDA:2,(anonymous_18)
FNDA:15,saveRef
FNDA:21,(anonymous_20)
FNDA:29,renderAddTag
FNDA:1,onChange
FNDA:1,onBlur
FNDA:1,onKeyDown
FNDA:3,onMouseDown
FNDA:2,onClick
FNDA:29,render
FNDA:0,onAdd
DA:3,1
DA:7,1
DA:9,1
DA:11,1
DA:13,1
DA:15,1
DA:17,1
DA:19,1
DA:21,1
DA:23,1
DA:25,1
DA:27,1
DA:29,1
DA:31,6
DA:33,5
DA:35,29
DA:37,13
DA:39,13
DA:41,1
DA:49,1
DA:51,1
DA:52,4
DA:53,4
DA:58,1
DA:60,1
DA:61,1
DA:63,1
DA:64,13
DA:66,13
DA:68,13
DA:73,13
DA:76,1
DA:77,4
DA:78,4
DA:79,4
DA:81,4
DA:83,2
DA:84,2
DA:90,2
DA:91,2
DA:92,1
DA:93,1
DA:95,1
DA:96,1
DA:99,1
DA:107,1
DA:108,1
DA:109,1
DA:111,1
DA:116,1
DA:117,1
DA:119,1
DA:120,1
DA:124,1
DA:125,1
DA:127,1
DA:128,1
DA:129,1
DA:136,1
DA:137,2
DA:139,2
DA:142,2
DA:146,1
DA:147,15
DA:148,15
DA:149,21
DA:153,1
DA:154,29
DA:155,29
DA:159,29
DA:160,29
DA:161,1
DA:163,28
DA:164,15
DA:172,1
DA:175,1
DA:178,1
DA:185,3
DA:191,13
DA:194,2
DA:200,1
DA:201,29
DA:202,29
DA:203,29
DA:213,1
DA:216,1
DA:219,1
DA:227,1
DA:234,1
DA:236,1
DA:237,1
LF:91
LH:91
BRDA:31,1,0,0
BRDA:31,1,1,6
BRDA:31,2,0,6
BRDA:31,2,1,6
BRDA:33,3,0,0
BRDA:33,3,1,5
BRDA:33,4,0,5
BRDA:33,4,1,5
BRDA:33,4,2,0
BRDA:35,5,0,0
BRDA:35,5,1,29
BRDA:37,6,0,0
BRDA:37,6,1,13
BRDA:39,7,0,0
BRDA:39,7,1,13
BRDA:39,8,0,0
BRDA:39,8,1,13
BRDA:39,9,0,13
BRDA:39,9,1,0
BRDA:39,9,2,0
BRDA:41,10,0,0
BRDA:41,10,1,1
BRDA:41,11,0,1
BRDA:41,11,1,0
BRDA:41,12,0,1
BRDA:41,12,1,1
BRDA:41,13,0,1
BRDA:41,13,1,0
BRDA:41,14,0,0
BRDA:41,14,1,1
BRDA:52,15,0,4
BRDA:52,15,1,0
BRDA:52,16,0,4
BRDA:52,16,1,4
BRDA:81,17,0,2
BRDA:81,17,1,2
BRDA:91,18,0,1
BRDA:91,18,1,1
BRDA:119,19,0,1
BRDA:119,19,1,0
BRDA:128,20,0,1
BRDA:128,20,1,0
BRDA:160,21,0,1
BRDA:160,21,1,28
BRDA:163,22,0,15
BRDA:163,22,1,13
BRF:46
BRH:30
end_of_record
TN:
SF:/Users/youngbrain/alibaba/uxcore/uxcore-tag/src/Item.jsx
FN:31,_interopRequireDefault
FN:33,_defaults
FN:35,_defineProperty
FN:37,_classCallCheck
FN:39,_possibleConstructorReturn
FN:41,_inherits
FN:49,(anonymous_7)
FN:52,TagItem
FN:63,componentWillReceiveProps
FN:74,onClick
FN:81,onAddCount
FN:88,onDelete
FN:89,(anonymous_13)
FN:97,renderCount
FN:107,render
FN:196,onOk
FN:203,onClick
FN:221,onClick
FN:223,onAddCount
FN:224,onDelete
FNF:20
FNH:15
FNDA:6,_interopRequireDefault
FNDA:1,_defaults
FNDA:72,_defineProperty
FNDA:17,_classCallCheck
FNDA:17,_possibleConstructorReturn
FNDA:1,_inherits
FNDA:1,(anonymous_7)
FNDA:17,TagItem
FNDA:1,componentWillReceiveProps
FNDA:1,onClick
FNDA:2,onAddCount
FNDA:1,onDelete
FNDA:0,(anonymous_13)
FNDA:18,renderCount
FNDA:18,render
FNDA:0,onOk
FNDA:1,onClick
FNDA:0,onClick
FNDA:0,onAddCount
FNDA:0,onDelete
DA:3,1
DA:7,1
DA:9,1
DA:11,1
DA:13,1
DA:15,1
DA:17,1
DA:19,1
DA:21,1
DA:23,1
DA:25,1
DA:27,1
DA:29,1
DA:31,6
DA:33,5
DA:35,72
DA:37,17
DA:39,17
DA:41,1
DA:49,1
DA:50,1
DA:52,1
DA:53,17
DA:55,17
DA:57,17
DA:60,17
DA:63,1
DA:64,1
DA:65,1
DA:67,1
DA:68,1
DA:74,1
DA:75,1
DA:76,1
DA:78,1
DA:81,1
DA:82,2
DA:83,2
DA:85,2
DA:88,1
DA:89,1
DA:91,1
DA:92,1
DA:94,1
DA:97,1
DA:98,18
DA:99,18
DA:101,18
DA:102,1
DA:104,17
DA:107,1
DA:108,18
DA:110,18
DA:111,18
DA:112,18
DA:124,18
DA:126,18
DA:128,18
DA:129,1
DA:141,18
DA:197,0
DA:204,1
DA:209,1
DA:212,1
DA:215,1
DA:230,1
DA:245,1
DA:246,1
LF:68
LH:67
BRDA:31,1,0,0
BRDA:31,1,1,6
BRDA:31,2,0,6
BRDA:31,2,1,6
BRDA:33,3,0,0
BRDA:33,3,1,5
BRDA:33,4,0,5
BRDA:33,4,1,5
BRDA:33,4,2,0
BRDA:35,5,0,1
BRDA:35,5,1,71
BRDA:37,6,0,0
BRDA:37,6,1,17
BRDA:39,7,0,0
BRDA:39,7,1,17
BRDA:39,8,0,0
BRDA:39,8,1,17
BRDA:39,9,0,17
BRDA:39,9,1,0
BRDA:39,9,2,0
BRDA:41,10,0,0
BRDA:41,10,1,1
BRDA:41,11,0,1
BRDA:41,11,1,0
BRDA:41,12,0,1
BRDA:41,12,1,1
BRDA:41,13,0,1
BRDA:41,13,1,0
BRDA:41,14,0,0
BRDA:41,14,1,1
BRDA:67,15,0,1
BRDA:67,15,1,0
BRDA:89,16,0,0
BRDA:89,16,1,1
BRDA:89,17,0,1
BRDA:89,17,1,0
BRDA:101,18,0,1
BRDA:101,18,1,17
BRDA:128,19,0,1
BRDA:128,19,1,17
BRDA:189,20,0,1
BRDA:189,20,1,17
BRDA:202,21,0,0
BRDA:202,21,1,1
BRDA:202,22,0,1
BRDA:202,22,1,0
BRDA:203,23,0,0
BRDA:203,23,1,17
BRDA:203,24,0,17
BRDA:203,24,1,5
BRF:50
BRH:32
end_of_record
TN:
SF:/Users/youngbrain/alibaba/uxcore/uxcore-tag/src/i18n.js
FNF:0
FNH:0
DA:3,1
DA:6,1
DA:23,1
LF:3
LH:3
BRF:0
BRH:0
end_of_record
